Backfilling chirps: 1981-01-01 -> 2026-05-30 in 24-month chunks
  chirps: 1981-01-01 -> 1982-12-31
  chirps: 1983-01-01 -> 1984-12-31
  chirps: 1985-01-01 -> 1986-12-31
  chirps: 1987-01-01 -> 1988-12-31
  chirps: 1989-01-01 -> 1990-12-31
  chirps: 1991-01-01 -> 1992-12-31
  chirps: 1993-01-01 -> 1994-12-31
  chirps: 1995-01-01 -> 1996-12-31
  chirps: 1997-01-01 -> 1998-12-31
  chirps: 1999-01-01 -> 2000-12-31
  chirps: 2001-01-01 -> 2002-12-31
  chirps: 2003-01-01 -> 2004-12-31
  chirps: 2005-01-01 -> 2006-12-31
  chirps: 2007-01-01 -> 2008-12-31
  chirps: 2009-01-01 -> 2010-12-31
  chirps: 2011-01-01 -> 2012-12-31
  chirps: 2013-01-01 -> 2014-12-31
  chirps: 2015-01-01 -> 2016-12-31
  chirps: 2017-01-01 -> 2018-12-31
  chirps: 2019-01-01 -> 2020-12-31
  chirps: 2021-01-01 -> 2022-12-31
  chirps: 2023-01-01 -> 2024-12-31
  chirps: 2025-01-01 -> 2026-05-30
Done. 33200 rows written.
Recomputing SPI across the full record...
SPI updated.
